<?xml version="1.0" encoding="UTF-8"?>
<!-- Generated by org.testng.reporters.JUnitXMLReporter -->
<testsuite hostname="DESKTOP-AF71NMN" name="Blaze" tests="10" failures="0" timestamp="17 Oct 2020 16:58:24 GMT" time="35.967" errors="0">
  <testcase name="accessDemoBlazeApp" time="5.433" classname="com.blaze.tests.TestPurchaseLaptop"/>
  <testcase name="addingSonyVaioi5LaptopToCart" time="4.692" classname="com.blaze.tests.TestPurchaseLaptop"/>
  <testcase name="addingDelli78GBLatopToCart" time="8.33" classname="com.blaze.tests.TestPurchaseLaptop"/>
  <testcase name="deletingDelli78GBLaptopFromCart" time="11.311" classname="com.blaze.tests.TestPurchaseLaptop"/>
  <testcase name="clickPlaceOrder" time="0.121" classname="com.blaze.tests.TestPurchaseLaptop"/>
  <testcase name="fillPurchaseForm" time="0.241" classname="com.blaze.tests.TestPurchaseLaptop"/>
  <testcase name="clickPurchaseForm" time="0.184" classname="com.blaze.tests.TestPurchaseLaptop"/>
  <testcase name="capturePurchaseIDAndAmount" time="0.042" classname="com.blaze.tests.TestPurchaseLaptop"/>
  <testcase name="assertPurchaseAmountEqualsExpected" time="0.004" classname="com.blaze.tests.TestPurchaseLaptop"/>
  <testcase name="clickedOKButton" time="0.122" classname="com.blaze.tests.TestPurchaseLaptop"/>
</testsuite> <!-- Blaze -->
